d:\chomework\touhou\x64\release\vc143.pdb
d:\chomework\touhou\x64\release\player.obj
d:\chomework\touhou\x64\release\particlemanager.obj
d:\chomework\touhou\x64\release\operation.obj
d:\chomework\touhou\x64\release\music.obj
d:\chomework\touhou\x64\release\mathandphysics.obj
d:\chomework\touhou\x64\release\map.obj
d:\chomework\touhou\x64\release\loadresources.obj
d:\chomework\touhou\x64\release\interface.obj
d:\chomework\touhou\x64\release\gamemanager.obj
d:\chomework\touhou\x64\release\maingame.obj
d:\chomework\touhou\x64\release\framemanager.obj
d:\chomework\touhou\x64\release\enemybullet.obj
d:\chomework\touhou\x64\release\enemy.obj
d:\chomework\touhou\x64\release\draw.obj
d:\chomework\touhou\x64\release\datamanager.obj
d:\chomework\touhou\x64\release\bunker.obj
d:\chomework\touhou\x64\release\bullet.obj
d:\chomework\touhou\x64\release\th.ipdb
d:\chomework\touhou\x64\release\th.iobj
d:\chomework\touhou\x64\release\th.exe
d:\chomework\touhou\x64\release\th.pdb
d:\chomework\touhou\x64\release\th.tlog\cl.command.1.tlog
d:\chomework\touhou\x64\release\th.tlog\cl.items.tlog
d:\chomework\touhou\x64\release\th.tlog\cl.read.1.tlog
d:\chomework\touhou\x64\release\th.tlog\cl.write.1.tlog
d:\chomework\touhou\x64\release\th.tlog\link.command.1.tlog
d:\chomework\touhou\x64\release\th.tlog\link.read.1.tlog
d:\chomework\touhou\x64\release\th.tlog\link.write.1.tlog
d:\chomework\touhou\x64\release\th.tlog\link.write.2u.tlog
