d:\chomework\touhou\x64\debug\vc143.pdb
d:\chomework\touhou\x64\debug\vc143.idb
d:\chomework\touhou\x64\debug\player.obj
d:\chomework\touhou\x64\debug\particlemanager.obj
d:\chomework\touhou\x64\debug\operation.obj
d:\chomework\touhou\x64\debug\music.obj
d:\chomework\touhou\x64\debug\mathandphysics.obj
d:\chomework\touhou\x64\debug\map.obj
d:\chomework\touhou\x64\debug\loadresources.obj
d:\chomework\touhou\x64\debug\interface.obj
d:\chomework\touhou\x64\debug\gamemanager.obj
d:\chomework\touhou\x64\debug\maingame.obj
d:\chomework\touhou\x64\debug\framemanager.obj
d:\chomework\touhou\x64\debug\enemybullet.obj
d:\chomework\touhou\x64\debug\enemy.obj
d:\chomework\touhou\x64\debug\draw.obj
d:\chomework\touhou\x64\debug\datamanager.obj
d:\chomework\touhou\x64\debug\bunker.obj
d:\chomework\touhou\x64\debug\bullet.obj
d:\chomework\touhou\x64\debug\th.exe
d:\chomework\touhou\x64\debug\th.ilk
d:\chomework\touhou\x64\debug\th.pdb
d:\chomework\touhou\x64\debug\th.tlog\cl.command.1.tlog
d:\chomework\touhou\x64\debug\th.tlog\cl.items.tlog
d:\chomework\touhou\x64\debug\th.tlog\cl.read.1.tlog
d:\chomework\touhou\x64\debug\th.tlog\cl.write.1.tlog
d:\chomework\touhou\x64\debug\th.tlog\link.command.1.tlog
d:\chomework\touhou\x64\debug\th.tlog\link.read.1.tlog
d:\chomework\touhou\x64\debug\th.tlog\link.write.1.tlog
